2026-03-20 16:47:36,371 [INFO] 📅 타겟 날짜: 2026-03-19
2026-03-20 16:47:37,110 [INFO] ✅ 기초 자료 및 매핑 로드 완료 (Mode: DAILY, Target Date: 2026-03-19, Workers: 15)
2026-03-20 16:47:37,110 [INFO] 🚀 실시간 일일 변동분 수집 시작 (2026-03-19 기준)
2026-03-20 16:47:37,110 [INFO] 🔎 [1] 행정안전부_문화_음반및음악영상물배급업 조회서비스 조회 중...
2026-03-20 16:47:37,578 [INFO]    ℹ️ 변동 사항 없음
2026-03-20 16:47:37,881 [INFO] 🔎 [2] 행정안전부_문화_음반및음악영상물제작업 조회서비스 조회 중...
2026-03-20 16:47:38,887 [INFO]    ... 총 5800건, 12 페이지 처리 시작 (Workers: 15)
2026-03-20 16:47:39,097 [WARNING]       ⚠️ 페이지 5 처리 중 오류: not enough values to unpack (expected 3, got 0)
2026-03-20 16:47:39,097 [WARNING]       ⚠️ 페이지 4 처리 중 오류: not enough values to unpack (expected 3, got 0)
2026-03-20 16:47:39,097 [WARNING]       ⚠️ 페이지 3 처리 중 오류: not enough values to unpack (expected 3, got 0)
2026-03-20 16:47:39,122 [WARNING] Connection pool is full, discarding connection: apis.data.go.kr. Connection pool size: 10
2026-03-20 16:47:39,139 [WARNING] Connection pool is full, discarding connection: apis.data.go.kr. Connection pool size: 10
2026-03-20 16:47:39,140 [INFO]       ... 1/12 페이지 진행 중...
2026-03-20 16:47:39,141 [INFO]    ℹ️ 변동 사항 없음
2026-03-20 16:47:39,443 [INFO] 🔎 [3] 행정안전부_문화_음반물배급업 조회서비스 조회 중...
2026-03-20 16:47:39,466 [INFO]    ℹ️ 변동 사항 없음
2026-03-20 16:47:39,772 [INFO] 🔎 [4] 행정안전부_문화_음반물제작업 조회서비스 조회 중...
2026-03-20 16:47:40,207 [INFO]    ℹ️ 변동 사항 없음
2026-03-20 16:47:40,510 [INFO] 🔎 [5] 행정안전부_생활_이용업 조회서비스 조회 중...
2026-03-20 16:47:41,881 [INFO]    ℹ️ 변동 사항 없음
2026-03-20 16:47:42,185 [INFO] 🔎 [6] 행정안전부_생활_세탁업 조회서비스 조회 중...
2026-03-20 16:47:42,199 [INFO]    ℹ️ 변동 사항 없음
2026-03-20 16:47:42,504 [INFO] 🔎 [7] 행정안전부_생활_의료기관세탁물처리업 조회서비스 조회 중...
2026-03-20 16:47:43,975 [INFO]    ℹ️ 변동 사항 없음
2026-03-20 16:47:44,281 [INFO] 🔎 [8] 행정안전부_생활_다단계판매업체 조회서비스 조회 중...
2026-03-20 16:47:44,295 [INFO]    ℹ️ 변동 사항 없음
2026-03-20 16:47:44,600 [INFO] 🔎 [9] 행정안전부_생활_대규모점포 조회서비스 조회 중...
2026-03-20 16:47:46,769 [INFO]    ℹ️ 변동 사항 없음
2026-03-20 16:47:47,075 [INFO] 🔎 [10] 행정안전부_생활_방문판매업 조회서비스 조회 중...
2026-03-20 16:47:47,089 [INFO]    ℹ️ 변동 사항 없음
2026-03-20 16:47:47,394 [INFO] 🔎 [11] 행정안전부_생활_전화권유판매업 조회서비스 조회 중...
2026-03-20 16:47:47,410 [INFO]    ℹ️ 변동 사항 없음
2026-03-20 16:47:47,711 [INFO] 🔎 [12] 행정안전부_생활_후원방문판매업체 조회서비스 조회 중...
2026-03-20 16:47:49,046 [INFO]    ℹ️ 변동 사항 없음
2026-03-20 16:47:49,352 [INFO] 🔎 [13] 행정안전부_생활_골프연습장업 조회서비스 조회 중...
2026-03-20 16:47:49,370 [INFO]    ℹ️ 변동 사항 없음
2026-03-20 16:47:49,676 [INFO] 🔎 [14] 행정안전부_생활_골프장 조회서비스 조회 중...
2026-03-20 16:47:51,301 [INFO]    ℹ️ 변동 사항 없음
2026-03-20 16:47:51,602 [INFO] 🔎 [15] 행정안전부_생활_당구장업 조회서비스 조회 중...
2026-03-20 16:47:51,614 [INFO]    ℹ️ 변동 사항 없음
2026-03-20 16:47:51,919 [INFO] 🔎 [16] 행정안전부_생활_등록체육시설업 조회서비스 조회 중...
2026-03-20 16:47:51,960 [INFO]    ℹ️ 변동 사항 없음
2026-03-20 16:47:52,266 [INFO] 🔎 [17] 행정안전부_생활_무도장업 조회서비스 조회 중...
2026-03-20 16:47:52,281 [INFO]    ℹ️ 변동 사항 없음
2026-03-20 16:47:52,587 [INFO] 🔎 [18] 행정안전부_생활_무도학원업 조회서비스 조회 중...
2026-03-20 16:47:52,607 [INFO]    ℹ️ 변동 사항 없음
2026-03-20 16:47:52,910 [INFO] 🔎 [19] 행정안전부_생활_빙상장업 조회서비스 조회 중...
2026-03-20 16:47:52,977 [INFO]    ℹ️ 변동 사항 없음
2026-03-20 16:47:53,279 [INFO] 🔎 [20] 행정안전부_생활_수영장업 조회서비스 조회 중...
2026-03-20 16:47:53,299 [INFO]    ℹ️ 변동 사항 없음
2026-03-20 16:47:53,604 [INFO] 🔎 [21] 행정안전부_생활_스키장 조회서비스 조회 중...
2026-03-20 16:47:55,496 [INFO]    ℹ️ 변동 사항 없음
2026-03-20 16:47:55,802 [INFO] 🔎 [22] 행정안전부_생활_승마장업 조회서비스 조회 중...
2026-03-20 16:47:56,111 [INFO]    ℹ️ 변동 사항 없음
2026-03-20 16:47:56,416 [INFO] 🔎 [23] 행정안전부_생활_썰매장업 조회서비스 조회 중...
2026-03-20 16:47:56,435 [INFO]    ℹ️ 변동 사항 없음
2026-03-20 16:47:56,737 [INFO] 🔎 [24] 행정안전부_생활_요트장업 조회서비스 조회 중...
2026-03-20 16:47:57,057 [INFO]    ℹ️ 변동 사항 없음
2026-03-20 16:47:57,363 [INFO] 🔎 [25] 행정안전부_생활_종합체육시설업 조회서비스 조회 중...
2026-03-20 16:47:57,384 [INFO]    ℹ️ 변동 사항 없음
2026-03-20 16:47:57,690 [INFO] 🔎 [26] 행정안전부_생활_체력단련장업 조회서비스 조회 중...
2026-03-20 16:47:59,185 [INFO]    ℹ️ 변동 사항 없음
2026-03-20 16:47:59,488 [INFO] 🔎 [27] 행정안전부_생활_체육도장업 조회서비스 조회 중...
2026-03-20 16:48:01,536 [INFO]    ℹ️ 변동 사항 없음
2026-03-20 16:48:01,841 [INFO] 🔎 [28] 행정안전부_생활_목욕장업 조회서비스 조회 중...
2026-03-20 16:48:04,201 [INFO]    ℹ️ 변동 사항 없음
2026-03-20 16:48:04,503 [INFO] 🔎 [29] 행정안전부_자원환경_목재수입유통업 조회서비스 조회 중...
2026-03-20 16:48:04,517 [INFO]    ℹ️ 변동 사항 없음
2026-03-20 16:48:04,823 [INFO] 🔎 [30] 행정안전부_자원환경_원목생산업 조회서비스 조회 중...
2026-03-20 16:48:06,356 [INFO]    ℹ️ 변동 사항 없음
2026-03-20 16:48:06,658 [INFO] 🔎 [31] 행정안전부_자원환경_제재업 조회서비스 조회 중...
2026-03-20 16:48:06,673 [INFO]    ℹ️ 변동 사항 없음
2026-03-20 16:48:06,976 [INFO] 🔎 [32] 행정안전부_자원환경_계량기수리업 조회서비스 조회 중...
2026-03-20 16:48:06,995 [INFO]    ℹ️ 변동 사항 없음
2026-03-20 16:48:07,297 [INFO] 🔎 [33] 행정안전부_자원환경_계량기수입업 조회서비스 조회 중...
2026-03-20 16:48:07,635 [INFO]    ℹ️ 변동 사항 없음
2026-03-20 16:48:07,942 [INFO] 🔎 [34] 행정안전부_자원환경_계량기제조업 조회서비스 조회 중...
2026-03-20 16:48:07,965 [INFO]    ℹ️ 변동 사항 없음
2026-03-20 16:48:08,270 [INFO] 🔎 [35] 행정안전부_자원환경_계량기증명업 조회서비스 조회 중...
2026-03-20 16:48:08,291 [INFO]    ℹ️ 변동 사항 없음
2026-03-20 16:48:08,592 [INFO] 🔎 [36] 행정안전부_자원환경_고압가스업 조회서비스 조회 중...
2026-03-20 16:48:09,219 [INFO]    ℹ️ 변동 사항 없음
2026-03-20 16:48:09,525 [INFO] 🔎 [37] 행정안전부_자원환경_석연탄제조업 조회서비스 조회 중...
2026-03-20 16:48:09,539 [INFO]    ℹ️ 변동 사항 없음
2026-03-20 16:48:09,843 [INFO] 🔎 [38] 행정안전부_자원환경_석유및석유대체연료판매업체 조회서비스 조회 중...
2026-03-20 16:48:09,877 [INFO]    ℹ️ 변동 사항 없음
2026-03-20 16:48:10,181 [INFO] 🔎 [39] 행정안전부_자원환경_석유판매업 조회서비스 조회 중...
2026-03-20 16:48:10,201 [INFO]    ℹ️ 변동 사항 없음
2026-03-20 16:48:10,506 [INFO] 🔎 [40] 행정안전부_자원환경_액화석유가스용품제조업체 조회서비스 조회 중...
2026-03-20 16:48:10,520 [INFO]    ℹ️ 변동 사항 없음
2026-03-20 16:48:10,825 [INFO] 🔎 [41] 행정안전부_자원환경_일반도시가스업체 조회서비스 조회 중...
2026-03-20 16:48:10,996 [INFO]    ℹ️ 변동 사항 없음
2026-03-20 16:48:11,301 [INFO] 🔎 [42] 행정안전부_자원환경_전력기술감리업체 조회서비스 조회 중...
2026-03-20 16:48:11,321 [INFO]    ℹ️ 변동 사항 없음
2026-03-20 16:48:11,625 [INFO] 🔎 [43] 행정안전부_자원환경_전력기술설계업체 조회서비스 조회 중...
2026-03-20 16:48:11,639 [INFO]    ℹ️ 변동 사항 없음
2026-03-20 16:48:11,941 [INFO] 🔎 [44] 행정안전부_자원환경_특정고압가스업 조회서비스 조회 중...
2026-03-20 16:48:12,641 [INFO]    ℹ️ 변동 사항 없음
2026-03-20 16:48:12,946 [INFO] 🔎 [45] 행정안전부_자원환경_지하수시공업체 조회서비스 조회 중...
2026-03-20 16:48:12,968 [INFO]    ℹ️ 변동 사항 없음
2026-03-20 16:48:13,274 [INFO] 🔎 [46] 행정안전부_자원환경_지하수영향조사기관 조회서비스 조회 중...
2026-03-20 16:48:13,294 [INFO]    ℹ️ 변동 사항 없음
2026-03-20 16:48:13,600 [INFO] 🔎 [47] 행정안전부_자원환경_지하수정화업체 조회서비스 조회 중...
2026-03-20 16:48:13,617 [INFO]    ℹ️ 변동 사항 없음
2026-03-20 16:48:13,922 [INFO] 🔎 [48] 행정안전부_자원환경_가축분뇨수집운반업 조회서비스 조회 중...
2026-03-20 16:48:14,643 [INFO]    ℹ️ 변동 사항 없음
2026-03-20 16:48:14,948 [INFO] 🔎 [49] 행정안전부_자원환경_가축분뇨배출시설관리업(사업장) 조회서비스 조회 중...
2026-03-20 16:48:14,960 [INFO]    ℹ️ 변동 사항 없음
2026-03-20 16:48:15,265 [INFO] 🔎 [50] 행정안전부_자원환경_개인하수처리시설관리업(사업장) 조회서비스 조회 중...
2026-03-20 16:48:15,280 [INFO]    ℹ️ 변동 사항 없음
2026-03-20 16:48:15,581 [INFO] 🔎 [51] 행정안전부_자원환경_건물위생관리업 조회서비스 조회 중...
2026-03-20 16:48:15,596 [INFO]    ℹ️ 변동 사항 없음
2026-03-20 16:48:15,902 [INFO] 🔎 [52] 행정안전부_자원환경_건설폐기물처리업 조회서비스 조회 중...
2026-03-20 16:48:17,411 [INFO]    ℹ️ 변동 사항 없음
2026-03-20 16:48:17,717 [INFO] 🔎 [53] 행정안전부_자원환경_급수공사대행업 조회서비스 조회 중...
2026-03-20 16:48:17,734 [INFO]    ℹ️ 변동 사항 없음
2026-03-20 16:48:18,036 [INFO] 🔎 [54] 행정안전부_자원환경_단독정화조 및 오수처리시설설계시공업 조회서비스 조회 중...
2026-03-20 16:48:18,050 [INFO]    ℹ️ 변동 사항 없음
2026-03-20 16:48:18,355 [INFO] 🔎 [55] 행정안전부_자원환경_대기오염물질배출시설설치사업장 조회서비스 조회 중...
2026-03-20 16:48:18,371 [INFO]    ℹ️ 변동 사항 없음
2026-03-20 16:48:18,674 [INFO] 🔎 [56] 행정안전부_자원환경_배출가스전문정비사업자(확인검사대행자) 조회서비스 조회 중...
2026-03-20 16:48:19,434 [INFO]    ℹ️ 변동 사항 없음
2026-03-20 16:48:19,739 [INFO] 🔎 [57] 행정안전부_자원환경_분뇨수집운반업 조회서비스 조회 중...
2026-03-20 16:48:19,752 [INFO]    ℹ️ 변동 사항 없음
2026-03-20 16:48:20,058 [INFO] 🔎 [58] 행정안전부_자원환경_소독업 조회서비스 조회 중...
2026-03-20 16:48:21,917 [INFO]    ℹ️ 변동 사항 없음
2026-03-20 16:48:22,220 [INFO] 🔎 [59] 행정안전부_자원환경_수질오염원설치시설(기타) 조회서비스 조회 중...
2026-03-20 16:48:22,246 [INFO]    ℹ️ 변동 사항 없음
2026-03-20 16:48:22,552 [INFO] 🔎 [60] 행정안전부_자원환경_쓰레기종량제봉투판매업 조회서비스 조회 중...
2026-03-20 16:48:23,083 [INFO]    ℹ️ 변동 사항 없음
2026-03-20 16:48:23,384 [INFO] 🔎 [61] 행정안전부_자원환경_저수조청소업 조회서비스 조회 중...
2026-03-20 16:48:23,411 [INFO]    ℹ️ 변동 사항 없음
2026-03-20 16:48:23,715 [INFO] 🔎 [62] 행정안전부_자원환경_환경관리대행기관 조회서비스 조회 중...
2026-03-20 16:48:23,794 [INFO]    ℹ️ 변동 사항 없음
2026-03-20 16:48:24,099 [INFO] 🔎 [63] 행정안전부_자원환경_환경전문공사업 조회서비스 조회 중...
2026-03-20 16:48:24,115 [INFO]    ℹ️ 변동 사항 없음
2026-03-20 16:48:24,420 [INFO] 🔎 [64] 행정안전부_자원환경_환경측정대행업 조회서비스 조회 중...
2026-03-20 16:48:24,431 [INFO]    ℹ️ 변동 사항 없음
2026-03-20 16:48:24,737 [INFO] 🔎 [65] 행정안전부_자원환경_환경컨설팅회사 조회서비스 조회 중...
2026-03-20 16:48:25,251 [INFO]    ℹ️ 변동 사항 없음
2026-03-20 16:48:25,555 [INFO] 🔎 [66] 행정안전부_기타_옥외광고업 조회서비스 조회 중...
2026-03-20 16:48:25,773 [INFO]    ℹ️ 변동 사항 없음
2026-03-20 16:48:26,079 [INFO] 🔎 [67] 행정안전부_기타_인쇄사 조회서비스 조회 중...
2026-03-20 16:48:26,093 [INFO]    ℹ️ 변동 사항 없음
2026-03-20 16:48:26,399 [INFO] 🔎 [68] 행정안전부_기타_출판사 조회서비스 조회 중...
2026-03-20 16:48:26,426 [INFO]    ℹ️ 변동 사항 없음
2026-03-20 16:48:26,732 [INFO] 🔎 [69] 행정안전부_기타_국제물류주선업 조회서비스 조회 중...
2026-03-20 16:48:27,246 [INFO]    ℹ️ 변동 사항 없음
2026-03-20 16:48:27,548 [INFO] 🔎 [70] 행정안전부_기타_민방위급수시설 조회서비스 조회 중...
2026-03-20 16:48:27,566 [INFO]    ℹ️ 변동 사항 없음
2026-03-20 16:48:27,868 [INFO] 🔎 [71] 행정안전부_기타_승강기유지관리업체 조회서비스 조회 중...
2026-03-20 16:48:27,981 [INFO]    ℹ️ 변동 사항 없음
2026-03-20 16:48:28,286 [INFO] 🔎 [72] 행정안전부_기타_승강기제조및수입업체 조회서비스 조회 중...
2026-03-20 16:48:28,302 [INFO]    ℹ️ 변동 사항 없음
2026-03-20 16:48:28,606 [INFO] 🔎 [73] 행정안전부_기타_요양보호사교육기관 조회서비스 조회 중...
2026-03-20 16:48:28,879 [INFO]    ℹ️ 변동 사항 없음
2026-03-20 16:48:29,182 [INFO] 🔎 [74] 행정안전부_기타_장례지도사 교육기관 조회서비스 조회 중...
2026-03-20 16:48:29,197 [INFO]    ℹ️ 변동 사항 없음
2026-03-20 16:48:29,501 [INFO] 🔎 [75] 행정안전부_기타_무료직업소개소 조회서비스 조회 중...
2026-03-20 16:48:29,899 [INFO]    ℹ️ 변동 사항 없음
2026-03-20 16:48:30,204 [INFO] 🔎 [76] 행정안전부_기타_유료직업소개소 조회서비스 조회 중...
2026-03-20 16:48:30,222 [INFO]    ℹ️ 변동 사항 없음
2026-03-20 16:48:30,528 [WARNING] ⚠️ 2026-03-19의 변동 데이터가 없습니다.
2026-03-20 16:48:30,529 [INFO] 🏁 작업 종료.
2026-03-20 16:48:49,067 [INFO] 📅 타겟 날짜: 2026-03-17
2026-03-20 16:48:49,724 [INFO] ✅ 기초 자료 및 매핑 로드 완료 (Mode: DAILY, Target Date: 2026-03-17, Workers: 15)
2026-03-20 16:48:49,724 [INFO] 🚀 실시간 일일 변동분 수집 시작 (2026-03-17 기준)
2026-03-20 16:48:49,724 [INFO] 🔎 [1] 행정안전부_문화_음반및음악영상물배급업 조회서비스 조회 중...
2026-03-20 16:48:50,038 [INFO]    ℹ️ 변동 사항 없음
2026-03-20 16:48:50,343 [INFO] 🔎 [2] 행정안전부_문화_음반및음악영상물제작업 조회서비스 조회 중...
2026-03-20 16:48:50,469 [INFO]    ... 총 5800건, 12 페이지 처리 시작 (Workers: 15)
2026-03-20 16:48:50,840 [WARNING] Connection pool is full, discarding connection: apis.data.go.kr. Connection pool size: 10
2026-03-20 16:48:51,009 [WARNING] Connection pool is full, discarding connection: apis.data.go.kr. Connection pool size: 10
2026-03-20 16:48:51,010 [INFO]       ... 1/12 페이지 진행 중...
2026-03-20 16:48:51,010 [INFO]    ℹ️ 변동 사항 없음
2026-03-20 16:48:51,312 [INFO] 🔎 [3] 행정안전부_문화_음반물배급업 조회서비스 조회 중...
2026-03-20 16:48:51,433 [INFO]    ... 총 82건, 1 페이지 처리 시작 (Workers: 15)
2026-03-20 16:48:51,973 [INFO]       ... 1/1 페이지 진행 중...
2026-03-20 16:48:51,975 [INFO]    ℹ️ 변동 사항 없음
2026-03-20 16:48:52,281 [INFO] 🔎 [4] 행정안전부_문화_음반물제작업 조회서비스 조회 중...
2026-03-20 16:48:52,303 [INFO]    ℹ️ 변동 사항 없음
2026-03-20 16:48:52,606 [INFO] 🔎 [5] 행정안전부_생활_이용업 조회서비스 조회 중...
2026-03-20 16:48:52,908 [INFO]    ℹ️ 변동 사항 없음
2026-03-20 16:48:53,215 [INFO] 🔎 [6] 행정안전부_생활_세탁업 조회서비스 조회 중...
2026-03-20 16:48:53,230 [INFO]    ℹ️ 변동 사항 없음
2026-03-20 16:48:53,531 [INFO] 🔎 [7] 행정안전부_생활_의료기관세탁물처리업 조회서비스 조회 중...
2026-03-20 16:48:53,932 [INFO]    ℹ️ 변동 사항 없음
2026-03-20 16:48:54,236 [INFO] 🔎 [8] 행정안전부_생활_다단계판매업체 조회서비스 조회 중...
2026-03-20 16:48:54,251 [INFO]    ℹ️ 변동 사항 없음
2026-03-20 16:48:54,554 [INFO] 🔎 [9] 행정안전부_생활_대규모점포 조회서비스 조회 중...
2026-03-20 16:48:54,577 [INFO]    ℹ️ 변동 사항 없음
2026-03-20 16:48:54,882 [INFO] 🔎 [10] 행정안전부_생활_방문판매업 조회서비스 조회 중...
2026-03-20 16:48:54,930 [INFO]    ℹ️ 변동 사항 없음
2026-03-20 16:48:55,236 [INFO] 🔎 [11] 행정안전부_생활_전화권유판매업 조회서비스 조회 중...
2026-03-20 16:48:55,252 [INFO]    ℹ️ 변동 사항 없음
2026-03-20 16:48:55,553 [INFO] 🔎 [12] 행정안전부_생활_후원방문판매업체 조회서비스 조회 중...
2026-03-20 16:48:55,926 [INFO]    ℹ️ 변동 사항 없음
2026-03-20 16:48:56,231 [INFO] 🔎 [13] 행정안전부_생활_골프연습장업 조회서비스 조회 중...
2026-03-20 16:48:56,254 [INFO]    ℹ️ 변동 사항 없음
2026-03-20 16:48:56,556 [INFO] 🔎 [14] 행정안전부_생활_골프장 조회서비스 조회 중...
2026-03-20 16:48:56,937 [INFO]    ℹ️ 변동 사항 없음
2026-03-20 16:48:57,243 [INFO] 🔎 [15] 행정안전부_생활_당구장업 조회서비스 조회 중...
2026-03-20 16:48:57,265 [INFO]    ℹ️ 변동 사항 없음
2026-03-20 16:48:57,569 [INFO] 🔎 [16] 행정안전부_생활_등록체육시설업 조회서비스 조회 중...
2026-03-20 16:48:58,073 [INFO]    ℹ️ 변동 사항 없음
2026-03-20 16:48:58,377 [INFO] 🔎 [17] 행정안전부_생활_무도장업 조회서비스 조회 중...
2026-03-20 16:48:58,397 [INFO]    ℹ️ 변동 사항 없음
2026-03-20 16:48:58,701 [INFO] 🔎 [18] 행정안전부_생활_무도학원업 조회서비스 조회 중...
2026-03-20 16:48:58,853 [INFO]    ℹ️ 변동 사항 없음
2026-03-20 16:48:59,158 [INFO] 🔎 [19] 행정안전부_생활_빙상장업 조회서비스 조회 중...
2026-03-20 16:48:59,177 [INFO]    ℹ️ 변동 사항 없음
2026-03-20 16:48:59,481 [INFO] 🔎 [20] 행정안전부_생활_수영장업 조회서비스 조회 중...
2026-03-20 16:48:59,493 [INFO]    ℹ️ 변동 사항 없음
2026-03-20 16:48:59,794 [INFO] 🔎 [21] 행정안전부_생활_스키장 조회서비스 조회 중...
2026-03-20 16:49:00,047 [INFO]    ℹ️ 변동 사항 없음
2026-03-20 16:49:00,352 [INFO] 🔎 [22] 행정안전부_생활_승마장업 조회서비스 조회 중...
2026-03-20 16:49:00,372 [INFO]    ℹ️ 변동 사항 없음
2026-03-20 16:49:00,675 [INFO] 🔎 [23] 행정안전부_생활_썰매장업 조회서비스 조회 중...
2026-03-20 16:49:00,691 [INFO]    ℹ️ 변동 사항 없음
2026-03-20 16:49:00,993 [INFO] 🔎 [24] 행정안전부_생활_요트장업 조회서비스 조회 중...
2026-03-20 16:49:01,545 [INFO]    ℹ️ 변동 사항 없음
2026-03-20 16:49:01,850 [INFO] 🔎 [25] 행정안전부_생활_종합체육시설업 조회서비스 조회 중...
2026-03-20 16:49:02,364 [INFO]    ℹ️ 변동 사항 없음
2026-03-20 16:49:02,667 [INFO] 🔎 [26] 행정안전부_생활_체력단련장업 조회서비스 조회 중...
2026-03-20 16:49:02,971 [INFO]    ℹ️ 변동 사항 없음
2026-03-20 16:49:03,274 [INFO] 🔎 [27] 행정안전부_생활_체육도장업 조회서비스 조회 중...
2026-03-20 16:49:03,318 [INFO]    ℹ️ 변동 사항 없음
2026-03-20 16:49:03,620 [INFO] 🔎 [28] 행정안전부_생활_목욕장업 조회서비스 조회 중...
2026-03-20 16:49:03,635 [INFO]    ℹ️ 변동 사항 없음
2026-03-20 16:49:03,941 [INFO] 🔎 [29] 행정안전부_자원환경_목재수입유통업 조회서비스 조회 중...
2026-03-20 16:49:04,476 [INFO]    ℹ️ 변동 사항 없음
2026-03-20 16:49:04,779 [INFO] 🔎 [30] 행정안전부_자원환경_원목생산업 조회서비스 조회 중...
2026-03-20 16:49:05,321 [INFO]    ℹ️ 변동 사항 없음
2026-03-20 16:49:05,624 [INFO] 🔎 [31] 행정안전부_자원환경_제재업 조회서비스 조회 중...
2026-03-20 16:49:05,637 [INFO]    ℹ️ 변동 사항 없음
2026-03-20 16:49:05,940 [INFO] 🔎 [32] 행정안전부_자원환경_계량기수리업 조회서비스 조회 중...
2026-03-20 16:49:06,271 [INFO]    ℹ️ 변동 사항 없음
2026-03-20 16:49:06,573 [INFO] 🔎 [33] 행정안전부_자원환경_계량기수입업 조회서비스 조회 중...
2026-03-20 16:49:06,587 [INFO]    ℹ️ 변동 사항 없음
2026-03-20 16:49:06,893 [INFO] 🔎 [34] 행정안전부_자원환경_계량기제조업 조회서비스 조회 중...
2026-03-20 16:49:07,043 [INFO]    ℹ️ 변동 사항 없음
2026-03-20 16:49:07,344 [INFO] 🔎 [35] 행정안전부_자원환경_계량기증명업 조회서비스 조회 중...
2026-03-20 16:49:07,402 [INFO]    ℹ️ 변동 사항 없음
2026-03-20 16:49:07,707 [INFO] 🔎 [36] 행정안전부_자원환경_고압가스업 조회서비스 조회 중...
2026-03-20 16:49:08,835 [INFO]    ℹ️ 변동 사항 없음
2026-03-20 16:49:09,141 [INFO] 🔎 [37] 행정안전부_자원환경_석연탄제조업 조회서비스 조회 중...
2026-03-20 16:49:09,158 [INFO]    ℹ️ 변동 사항 없음
2026-03-20 16:49:09,461 [INFO] 🔎 [38] 행정안전부_자원환경_석유및석유대체연료판매업체 조회서비스 조회 중...
2026-03-20 16:49:09,476 [INFO]    ℹ️ 변동 사항 없음
2026-03-20 16:49:09,782 [INFO] 🔎 [39] 행정안전부_자원환경_석유판매업 조회서비스 조회 중...
2026-03-20 16:49:11,068 [INFO]    ℹ️ 변동 사항 없음
2026-03-20 16:49:11,369 [INFO] 🔎 [40] 행정안전부_자원환경_액화석유가스용품제조업체 조회서비스 조회 중...
2026-03-20 16:49:11,391 [INFO]    ℹ️ 변동 사항 없음
2026-03-20 16:49:11,694 [INFO] 🔎 [41] 행정안전부_자원환경_일반도시가스업체 조회서비스 조회 중...
2026-03-20 16:49:11,707 [INFO]    ℹ️ 변동 사항 없음
2026-03-20 16:49:12,009 [INFO] 🔎 [42] 행정안전부_자원환경_전력기술감리업체 조회서비스 조회 중...
2026-03-20 16:49:12,088 [INFO]    ℹ️ 변동 사항 없음
2026-03-20 16:49:12,395 [INFO] 🔎 [43] 행정안전부_자원환경_전력기술설계업체 조회서비스 조회 중...
2026-03-20 16:49:12,411 [INFO]    ℹ️ 변동 사항 없음
2026-03-20 16:49:12,716 [INFO] 🔎 [44] 행정안전부_자원환경_특정고압가스업 조회서비스 조회 중...
2026-03-20 16:49:12,727 [INFO]    ℹ️ 변동 사항 없음
2026-03-20 16:49:13,028 [INFO] 🔎 [45] 행정안전부_자원환경_지하수시공업체 조회서비스 조회 중...
2026-03-20 16:49:13,075 [INFO]    ℹ️ 변동 사항 없음
2026-03-20 16:49:13,382 [INFO] 🔎 [46] 행정안전부_자원환경_지하수영향조사기관 조회서비스 조회 중...
2026-03-20 16:49:13,398 [INFO]    ℹ️ 변동 사항 없음
2026-03-20 16:49:13,702 [INFO] 🔎 [47] 행정안전부_자원환경_지하수정화업체 조회서비스 조회 중...
2026-03-20 16:49:14,551 [INFO]    ℹ️ 변동 사항 없음
2026-03-20 16:49:14,856 [INFO] 🔎 [48] 행정안전부_자원환경_가축분뇨수집운반업 조회서비스 조회 중...
2026-03-20 16:49:14,865 [INFO]    ℹ️ 변동 사항 없음
2026-03-20 16:49:15,166 [INFO] 🔎 [49] 행정안전부_자원환경_가축분뇨배출시설관리업(사업장) 조회서비스 조회 중...
2026-03-20 16:49:15,179 [INFO]    ℹ️ 변동 사항 없음
2026-03-20 16:49:15,485 [INFO] 🔎 [50] 행정안전부_자원환경_개인하수처리시설관리업(사업장) 조회서비스 조회 중...
2026-03-20 16:49:15,499 [INFO]    ℹ️ 변동 사항 없음
2026-03-20 16:49:15,803 [INFO] 🔎 [51] 행정안전부_자원환경_건물위생관리업 조회서비스 조회 중...
2026-03-20 16:49:17,469 [INFO]    ℹ️ 변동 사항 없음
2026-03-20 16:49:17,774 [INFO] 🔎 [52] 행정안전부_자원환경_건설폐기물처리업 조회서비스 조회 중...
2026-03-20 16:49:18,701 [INFO]    ℹ️ 변동 사항 없음
2026-03-20 16:49:19,005 [INFO] 🔎 [53] 행정안전부_자원환경_급수공사대행업 조회서비스 조회 중...
2026-03-20 16:49:19,024 [INFO]    ℹ️ 변동 사항 없음
2026-03-20 16:49:19,326 [INFO] 🔎 [54] 행정안전부_자원환경_단독정화조 및 오수처리시설설계시공업 조회서비스 조회 중...
2026-03-20 16:49:19,337 [INFO]    ℹ️ 변동 사항 없음
2026-03-20 16:49:19,640 [INFO] 🔎 [55] 행정안전부_자원환경_대기오염물질배출시설설치사업장 조회서비스 조회 중...
2026-03-20 16:49:19,656 [INFO]    ℹ️ 변동 사항 없음
2026-03-20 16:49:19,961 [INFO] 🔎 [56] 행정안전부_자원환경_배출가스전문정비사업자(확인검사대행자) 조회서비스 조회 중...
2026-03-20 16:49:20,483 [INFO]    ℹ️ 변동 사항 없음
2026-03-20 16:49:20,790 [INFO] 🔎 [57] 행정안전부_자원환경_분뇨수집운반업 조회서비스 조회 중...
2026-03-20 16:49:20,806 [INFO]    ℹ️ 변동 사항 없음
2026-03-20 16:49:21,108 [INFO] 🔎 [58] 행정안전부_자원환경_소독업 조회서비스 조회 중...
2026-03-20 16:49:21,120 [INFO]    ℹ️ 변동 사항 없음
2026-03-20 16:49:21,426 [INFO] 🔎 [59] 행정안전부_자원환경_수질오염원설치시설(기타) 조회서비스 조회 중...
2026-03-20 16:49:21,442 [INFO]    ℹ️ 변동 사항 없음
2026-03-20 16:49:21,746 [INFO] 🔎 [60] 행정안전부_자원환경_쓰레기종량제봉투판매업 조회서비스 조회 중...
2026-03-20 16:49:22,522 [INFO]    ℹ️ 변동 사항 없음
2026-03-20 16:49:22,824 [INFO] 🔎 [61] 행정안전부_자원환경_저수조청소업 조회서비스 조회 중...
2026-03-20 16:49:22,840 [INFO]    ℹ️ 변동 사항 없음
2026-03-20 16:49:23,143 [INFO] 🔎 [62] 행정안전부_자원환경_환경관리대행기관 조회서비스 조회 중...
2026-03-20 16:49:23,161 [INFO]    ℹ️ 변동 사항 없음
2026-03-20 16:49:23,463 [INFO] 🔎 [63] 행정안전부_자원환경_환경전문공사업 조회서비스 조회 중...
2026-03-20 16:49:23,474 [INFO]    ℹ️ 변동 사항 없음
2026-03-20 16:49:23,777 [INFO] 🔎 [64] 행정안전부_자원환경_환경측정대행업 조회서비스 조회 중...
2026-03-20 16:49:25,311 [INFO]    ℹ️ 변동 사항 없음
2026-03-20 16:49:25,617 [INFO] 🔎 [65] 행정안전부_자원환경_환경컨설팅회사 조회서비스 조회 중...
2026-03-20 16:49:26,372 [INFO]    ℹ️ 변동 사항 없음
2026-03-20 16:49:26,676 [INFO] 🔎 [66] 행정안전부_기타_옥외광고업 조회서비스 조회 중...
2026-03-20 16:49:26,835 [INFO]    ℹ️ 변동 사항 없음
2026-03-20 16:49:27,143 [INFO] 🔎 [67] 행정안전부_기타_인쇄사 조회서비스 조회 중...
2026-03-20 16:49:27,170 [INFO]    ℹ️ 변동 사항 없음
2026-03-20 16:49:27,475 [INFO] 🔎 [68] 행정안전부_기타_출판사 조회서비스 조회 중...
2026-03-20 16:49:28,355 [INFO]    ℹ️ 변동 사항 없음
2026-03-20 16:49:28,661 [INFO] 🔎 [69] 행정안전부_기타_국제물류주선업 조회서비스 조회 중...
2026-03-20 16:49:29,194 [INFO]    ℹ️ 변동 사항 없음
2026-03-20 16:49:29,495 [INFO] 🔎 [70] 행정안전부_기타_민방위급수시설 조회서비스 조회 중...
2026-03-20 16:49:30,380 [INFO]    ℹ️ 변동 사항 없음
2026-03-20 16:49:30,686 [INFO] 🔎 [71] 행정안전부_기타_승강기유지관리업체 조회서비스 조회 중...
2026-03-20 16:49:30,702 [INFO]    ℹ️ 변동 사항 없음
2026-03-20 16:49:31,006 [INFO] 🔎 [72] 행정안전부_기타_승강기제조및수입업체 조회서비스 조회 중...
2026-03-20 16:49:31,019 [INFO]    ℹ️ 변동 사항 없음
2026-03-20 16:49:31,324 [INFO] 🔎 [73] 행정안전부_기타_요양보호사교육기관 조회서비스 조회 중...
2026-03-20 16:49:31,341 [INFO]    ℹ️ 변동 사항 없음
2026-03-20 16:49:31,647 [INFO] 🔎 [74] 행정안전부_기타_장례지도사 교육기관 조회서비스 조회 중...
2026-03-20 16:49:32,060 [INFO]    ℹ️ 변동 사항 없음
2026-03-20 16:49:32,364 [INFO] 🔎 [75] 행정안전부_기타_무료직업소개소 조회서비스 조회 중...
2026-03-20 16:49:32,383 [INFO]    ℹ️ 변동 사항 없음
2026-03-20 16:49:32,686 [INFO] 🔎 [76] 행정안전부_기타_유료직업소개소 조회서비스 조회 중...
2026-03-20 16:49:32,706 [INFO]    ℹ️ 변동 사항 없음
2026-03-20 16:49:33,011 [WARNING] ⚠️ 2026-03-17의 변동 데이터가 없습니다.
2026-03-20 16:49:33,012 [INFO] 🏁 작업 종료.
