2026-03-19 17:49:23,514 [INFO] ✅ 기초 자료 및 매핑 로드 완료 (Mode: DAILY, Target Date: 2026-03-16)
2026-03-19 17:49:23,514 [INFO] 🚀 일일 변동분 수집 시작 (2026-03-16 기준)
2026-03-19 17:49:23,515 [INFO] 🔎 [1] 행정안전부_식품_즉석판매제조가공업 조회서비스 조회 중...
2026-03-19 17:49:31,468 [INFO]    ... 20/1494 페이지 로드 중...
2026-03-19 17:49:37,361 [INFO]    ... 40/1494 페이지 로드 중...
2026-03-19 17:49:43,962 [INFO]    ... 60/1494 페이지 로드 중...
2026-03-19 17:49:51,724 [INFO]    ... 80/1494 페이지 로드 중...
2026-03-19 17:50:00,200 [INFO]    ... 100/1494 페이지 로드 중...
2026-03-19 17:50:24,851 [INFO]    ... 120/1494 페이지 로드 중...
2026-03-19 17:50:34,319 [INFO]    ... 140/1494 페이지 로드 중...
2026-03-19 17:50:43,510 [INFO]    ... 160/1494 페이지 로드 중...
2026-03-19 17:50:57,042 [INFO]    ... 180/1494 페이지 로드 중...
2026-03-19 17:51:26,625 [INFO]    ... 200/1494 페이지 로드 중...
2026-03-19 17:51:47,225 [INFO]    ... 220/1494 페이지 로드 중...
2026-03-19 17:52:28,379 [INFO]    ... 240/1494 페이지 로드 중...
2026-03-19 17:52:52,989 [INFO]    ... 260/1494 페이지 로드 중...
2026-03-19 17:53:20,097 [INFO]    ... 280/1494 페이지 로드 중...
2026-03-19 17:53:42,038 [INFO]    ... 300/1494 페이지 로드 중...
2026-03-19 17:54:11,229 [INFO]    ... 320/1494 페이지 로드 중...
2026-03-19 17:54:34,062 [INFO]    ... 340/1494 페이지 로드 중...
2026-03-19 17:54:59,825 [INFO]    ... 360/1494 페이지 로드 중...
2026-03-19 17:55:26,389 [INFO]    ... 380/1494 페이지 로드 중...
2026-03-19 17:55:59,132 [INFO]    ... 400/1494 페이지 로드 중...
2026-03-19 17:56:19,216 [INFO]    ... 420/1494 페이지 로드 중...
2026-03-19 17:57:07,118 [INFO] ✅ 기초 자료 및 매핑 로드 완료 (Mode: DAILY, Target Date: 2026-03-16, Workers: 10)
2026-03-19 17:57:07,119 [INFO] 🚀 일일 변동분 수집 시작 (2026-03-16 기준)
2026-03-19 17:57:07,119 [INFO] 🔎 [1] 행정안전부_식품_즉석판매제조가공업 조회서비스 조회 중...
2026-03-19 17:57:07,249 [INFO]    ... 총 746633건, 1494 페이지 처리 시작 (Workers: 10)
2026-03-19 17:57:08,047 [INFO]       ... 1/1494 페이지 진행 중...
2026-03-19 17:57:10,500 [INFO]       ... 41/1494 페이지 진행 중...
2026-03-19 17:57:14,066 [INFO]       ... 81/1494 페이지 진행 중...
2026-03-19 17:57:18,902 [INFO]       ... 121/1494 페이지 진행 중...
2026-03-19 17:57:23,279 [INFO]       ... 161/1494 페이지 진행 중...
2026-03-19 17:57:27,166 [INFO]       ... 201/1494 페이지 진행 중...
2026-03-19 17:57:33,161 [INFO]       ... 241/1494 페이지 진행 중...
2026-03-19 17:57:38,525 [INFO]       ... 281/1494 페이지 진행 중...
2026-03-19 17:57:42,201 [INFO]       ... 321/1494 페이지 진행 중...
2026-03-19 17:57:46,196 [INFO]       ... 361/1494 페이지 진행 중...
2026-03-19 17:57:50,600 [INFO]       ... 401/1494 페이지 진행 중...
2026-03-19 17:57:56,408 [INFO]       ... 441/1494 페이지 진행 중...
2026-03-19 17:58:02,858 [INFO]       ... 481/1494 페이지 진행 중...
2026-03-19 17:58:10,439 [INFO]       ... 521/1494 페이지 진행 중...
2026-03-19 17:58:17,456 [INFO]       ... 561/1494 페이지 진행 중...
2026-03-19 17:58:26,498 [INFO]       ... 601/1494 페이지 진행 중...
2026-03-19 17:58:34,016 [INFO]       ... 641/1494 페이지 진행 중...
2026-03-19 17:58:42,167 [INFO]       ... 681/1494 페이지 진행 중...
2026-03-19 17:58:50,041 [INFO]       ... 721/1494 페이지 진행 중...
2026-03-19 17:58:58,156 [INFO]       ... 761/1494 페이지 진행 중...
2026-03-19 17:59:06,049 [INFO]       ... 801/1494 페이지 진행 중...
2026-03-19 17:59:16,019 [INFO]       ... 841/1494 페이지 진행 중...
2026-03-19 17:59:24,702 [INFO]       ... 881/1494 페이지 진행 중...
2026-03-19 17:59:33,826 [INFO]       ... 921/1494 페이지 진행 중...
2026-03-19 17:59:43,310 [INFO]       ... 961/1494 페이지 진행 중...
2026-03-19 17:59:53,286 [INFO]       ... 1001/1494 페이지 진행 중...
2026-03-19 18:00:07,383 [INFO]       ... 1041/1494 페이지 진행 중...
2026-03-19 18:00:26,162 [INFO]       ... 1081/1494 페이지 진행 중...
2026-03-19 18:00:43,464 [INFO]       ... 1121/1494 페이지 진행 중...
2026-03-19 18:01:06,874 [INFO]       ... 1161/1494 페이지 진행 중...
2026-03-19 18:01:25,883 [INFO]       ... 1201/1494 페이지 진행 중...
2026-03-19 18:01:46,474 [INFO]       ... 1241/1494 페이지 진행 중...
2026-03-19 18:02:04,217 [INFO]       ... 1281/1494 페이지 진행 중...
2026-03-19 18:02:20,146 [INFO]       ... 1321/1494 페이지 진행 중...
2026-03-19 18:02:35,368 [INFO]       ... 1361/1494 페이지 진행 중...
2026-03-19 18:02:53,239 [INFO]       ... 1401/1494 페이지 진행 중...
2026-03-19 18:03:10,474 [INFO]       ... 1441/1494 페이지 진행 중...
2026-03-19 18:03:23,858 [INFO]       ... 1481/1494 페이지 진행 중...
2026-03-19 18:03:23,861 [INFO]    ℹ️ 변동 사항 없음
2026-03-19 18:03:24,164 [INFO] 🔎 [2] 행정안전부_식품_집단급식소식품판매업 조회 중...
2026-03-19 18:03:24,286 [INFO]    ... 총 23833건, 48 페이지 처리 시작 (Workers: 10)
2026-03-19 18:03:24,940 [INFO]       ... 1/48 페이지 진행 중...
2026-03-19 18:03:25,938 [INFO]       ... 41/48 페이지 진행 중...
2026-03-19 18:03:25,938 [INFO]    ℹ️ 변동 사항 없음
2026-03-19 18:03:26,244 [INFO] 🔎 [3] 행정안전부_식품_집유업 조회서비스 조회 중...
2026-03-19 18:03:26,331 [INFO]    ... 총 89건, 1 페이지 처리 시작 (Workers: 10)
2026-03-19 18:03:26,410 [INFO]       ... 1/1 페이지 진행 중...
2026-03-19 18:03:26,412 [INFO]    ℹ️ 변동 사항 없음
2026-03-19 18:03:26,717 [INFO] 🔎 [4] 행정안전부_식품_축산가공업 조회서비스 조회 중...
2026-03-19 18:03:27,194 [INFO]    ... 총 12001건, 25 페이지 처리 시작 (Workers: 10)
2026-03-19 18:03:27,895 [INFO]       ... 1/25 페이지 진행 중...
2026-03-19 18:03:28,131 [INFO]    ℹ️ 변동 사항 없음
2026-03-19 18:03:28,443 [INFO] 🔎 [135] 행정안전부_기타_담배수입판매업체 조회서비스 조회 중...
2026-03-19 18:03:59,352 [INFO]    ℹ️ 변동 사항 없음
2026-03-19 18:03:59,656 [WARNING] ⚠️ 오늘(타겟 날짜)의 변동 데이터가 없습니다.
2026-03-19 18:03:59,657 [INFO] 🏁 작업 종료.
